<?xml version="1.0" encoding="UTF-8"?>
<testng-results skipped="0" failed="0" ignored="0" total="2" passed="2">
  <reporter-output>
  </reporter-output>
  <suite name="Ignore Suite" duration-ms="69" started-at="2021-07-09T16:44:38 IST" finished-at="2021-07-09T16:44:38 IST">
    <groups>
    </groups>
    <test name="Ignore Test Case" duration-ms="69" started-at="2021-07-09T16:44:38 IST" finished-at="2021-07-09T16:44:38 IST">
      <class name="ignoreAnnotation.IgnoreTestAnnotation">
        <test-method status="PASS" signature="LoginRediffmail()[pri:1, instance:ignoreAnnotation.IgnoreTestAnnotation@1c3a4799]" name="LoginRediffmail" duration-ms="21" started-at="2021-07-09T16:44:38 IST" finished-at="2021-07-09T16:44:38 IST">
          <reporter-output>
          </reporter-output>
        </test-method> <!-- LoginRediffmail -->
        <test-method status="PASS" signature="SendMail()[pri:2, instance:ignoreAnnotation.IgnoreTestAnnotation@1c3a4799]" name="SendMail" duration-ms="1" started-at="2021-07-09T16:44:38 IST" depends-on-methods="ignoreAnnotation.IgnoreTestAnnotation.LoginRediffmail" finished-at="2021-07-09T16:44:38 IST">
          <reporter-output>
          </reporter-output>
        </test-method> <!-- SendMail -->
      </class> <!-- ignoreAnnotation.IgnoreTestAnnotation -->
    </test> <!-- Ignore Test Case -->
  </suite> <!-- Ignore Suite -->
</testng-results>
