<?xml version="1.0" encoding="UTF-8"?>
<testng-results skipped="0" failed="1" ignored="0" total="4" passed="3">
  <reporter-output>
  </reporter-output>
  <suite name="Redifmil Automation Suite" duration-ms="78640" started-at="2021-07-14T13:46:26 IST" finished-at="2021-07-14T13:47:44 IST">
    <groups>
    </groups>
    <test name="Form Test Case" duration-ms="21210" started-at="2021-07-14T13:46:26 IST" finished-at="2021-07-14T13:46:47 IST">
      <class name="com.benz.testCase.formRediffmail">
        <test-method status="PASS" signature="FillingFormRediffmail(java.util.Hashtable)[pri:0, instance:com.benz.testCase.formRediffmail@a1153bc]" name="FillingFormRediffmail" duration-ms="9285" started-at="2021-07-14T13:46:26 IST" data-provider="formData" finished-at="2021-07-14T13:46:36 IST">
          <params>
            <param index="0">
              <value>
                <![CDATA[{PNumber=12345, MName=Sukla, RID=kaushikmukherjee2412, FName=Kaushik Mukherjee, Rpwd=test@1234, Pwd=test@1234, SQues=Music, Browser=Chrome}]]>
              </value>
            </param>
          </params>
          <reporter-output>
          </reporter-output>
        </test-method> <!-- FillingFormRediffmail -->
        <test-method status="PASS" signature="tearDown(org.testng.ITestResult)[pri:0, instance:com.benz.testCase.formRediffmail@a1153bc]" name="tearDown" is-config="true" duration-ms="1214" started-at="2021-07-14T13:46:36 IST" finished-at="2021-07-14T13:46:37 IST">
          <params>
            <param index="0">
              <value>
                <![CDATA[[TestResult name=FillingFormRediffmail status=SUCCESS method=formRediffmail.FillingFormRediffmail(java.util.Hashtable)[pri:0, instance:com.benz.testCase.formRediffmail@a1153bc] output={null}]]]>
              </value>
            </param>
          </params>
          <reporter-output>
          </reporter-output>
        </test-method> <!-- tearDown -->
        <test-method status="PASS" signature="FillingFormRediffmail(java.util.Hashtable)[pri:0, instance:com.benz.testCase.formRediffmail@a1153bc]" name="FillingFormRediffmail" duration-ms="9113" started-at="2021-07-14T13:46:37 IST" data-provider="formData" finished-at="2021-07-14T13:46:46 IST">
          <params>
            <param index="0">
              <value>
                <![CDATA[{PNumber=45678, MName=Jenny, RID=SamMendes2412, FName=Sam Mendes, Rpwd=test@5678, Pwd=test@5678, SQues=Reading, Browser=Edge}]]>
              </value>
            </param>
          </params>
          <reporter-output>
          </reporter-output>
        </test-method> <!-- FillingFormRediffmail -->
        <test-method status="PASS" signature="tearDown(org.testng.ITestResult)[pri:0, instance:com.benz.testCase.formRediffmail@a1153bc]" name="tearDown" is-config="true" duration-ms="903" started-at="2021-07-14T13:46:46 IST" finished-at="2021-07-14T13:46:47 IST">
          <params>
            <param index="0">
              <value>
                <![CDATA[[TestResult name=FillingFormRediffmail status=SUCCESS method=formRediffmail.FillingFormRediffmail(java.util.Hashtable)[pri:0, instance:com.benz.testCase.formRediffmail@a1153bc] output={null}]]]>
              </value>
            </param>
          </params>
          <reporter-output>
          </reporter-output>
        </test-method> <!-- tearDown -->
      </class> <!-- com.benz.testCase.formRediffmail -->
    </test> <!-- Form Test Case -->
    <test name="Send Mail Test Case" duration-ms="57417" started-at="2021-07-14T13:46:47 IST" finished-at="2021-07-14T13:47:44 IST">
      <class name="com.benz.testCase.SendingMailRediff">
        <test-method status="PASS" signature="SendingEmailRediff(java.util.Hashtable)[pri:0, instance:com.benz.testCase.SendingMailRediff@7dcf94f8]" name="SendingEmailRediff" duration-ms="19172" started-at="2021-07-14T13:46:47 IST" data-provider="sendMailData" finished-at="2021-07-14T13:47:06 IST">
          <params>
            <param index="0">
              <value>
                <![CDATA[{CField=Test Mail Sent, Pwd=test@1234, UName=selenium.testmay2017, TField=kaushik.aryaan@gmail.com, SField=Test Mail, Browser=Chrome}]]>
              </value>
            </param>
          </params>
          <reporter-output>
          </reporter-output>
        </test-method> <!-- SendingEmailRediff -->
        <test-method status="PASS" signature="tearDown(org.testng.ITestResult)[pri:0, instance:com.benz.testCase.SendingMailRediff@7dcf94f8]" name="tearDown" is-config="true" duration-ms="753" started-at="2021-07-14T13:47:06 IST" finished-at="2021-07-14T13:47:07 IST">
          <params>
            <param index="0">
              <value>
                <![CDATA[[TestResult name=SendingEmailRediff status=SUCCESS method=SendingMailRediff.SendingEmailRediff(java.util.Hashtable)[pri:0, instance:com.benz.testCase.SendingMailRediff@7dcf94f8] output={null}]]]>
              </value>
            </param>
          </params>
          <reporter-output>
          </reporter-output>
        </test-method> <!-- tearDown -->
        <test-method status="FAIL" signature="SendingEmailRediff(java.util.Hashtable)[pri:0, instance:com.benz.testCase.SendingMailRediff@7dcf94f8]" name="SendingEmailRediff" duration-ms="34635" started-at="2021-07-14T13:47:07 IST" data-provider="sendMailData" finished-at="2021-07-14T13:47:42 IST">
          <params>
            <param index="0">
              <value>
                <![CDATA[{CField=Development Mail Sent, Pwd=test@1234, UName=selenium.testmay2017, TField=arundhoti.mukherjee@gmail.com, SField=Development Mail, Browser=Edge}]]>
              </value>
            </param>
          </params>
          <exception class="org.openqa.selenium.WebDriverException">
            <message>
              <![CDATA[unknown error: cannot determine loading status
from disconnected: received Inspector.detached event
  (Session info: MicrosoftEdge=91.0.864.67)
Build info: version: '3.141.59', revision: 'e82be7d358', time: '2018-11-14T08:25:48'
System info: host: 'LENOVO-T450', ip: '192.168.0.174', os.name: 'Windows 8.1', os.arch: 'amd64', os.version: '6.3', java.version: '1.8.0_291'
Driver info: org.openqa.selenium.edge.EdgeDriver
Capabilities {acceptInsecureCerts: false, browserName: msedge, browserVersion: 91.0.864.67, javascriptEnabled: true, ms:edgeOptions: {debuggerAddress: localhost:51917}, msedge: {msedgedriverVersion: 91.0.864.59 (4456b8ae30dd3a..., userDataDir: C:\Users\lenovo\AppData\Loc...}, networkConnectionEnabled: false, pageLoadStrategy: normal, platform: WINDOWS, platformName: WINDOWS, proxy: Proxy(), setWindowRect: true, strictFileInteractability: false, timeouts: {implicit: 0, pageLoad: 300000, script: 30000}, unhandledPromptBehavior: dismiss and notify, webauthn:extension:largeBlob: true, webauthn:virtualAuthenticators: true}
Session ID: ff846e5f73147a32e9d5d305463709fb]]>
            </message>
            <full-stacktrace>
              <![CDATA[org.openqa.selenium.WebDriverException: unknown error: cannot determine loading status
from disconnected: received Inspector.detached event
  (Session info: MicrosoftEdge=91.0.864.67)
Build info: version: '3.141.59', revision: 'e82be7d358', time: '2018-11-14T08:25:48'
System info: host: 'LENOVO-T450', ip: '192.168.0.174', os.name: 'Windows 8.1', os.arch: 'amd64', os.version: '6.3', java.version: '1.8.0_291'
Driver info: org.openqa.selenium.edge.EdgeDriver
Capabilities {acceptInsecureCerts: false, browserName: msedge, browserVersion: 91.0.864.67, javascriptEnabled: true, ms:edgeOptions: {debuggerAddress: localhost:51917}, msedge: {msedgedriverVersion: 91.0.864.59 (4456b8ae30dd3a..., userDataDir: C:\Users\lenovo\AppData\Loc...}, networkConnectionEnabled: false, pageLoadStrategy: normal, platform: WINDOWS, platformName: WINDOWS, proxy: Proxy(), setWindowRect: true, strictFileInteractability: false, timeouts: {implicit: 0, pageLoad: 300000, script: 30000}, unhandledPromptBehavior: dismiss and notify, webauthn:extension:largeBlob: true, webauthn:virtualAuthenticators: true}
Session ID: ff846e5f73147a32e9d5d305463709fb
at sun.reflect.NativeConstructorAccessorImpl.newInstance0(Native Method)
at sun.reflect.NativeConstructorAccessorImpl.newInstance(Unknown Source)
at sun.reflect.DelegatingConstructorAccessorImpl.newInstance(Unknown Source)
at java.lang.reflect.Constructor.newInstance(Unknown Source)
at org.openqa.selenium.remote.http.W3CHttpResponseCodec.createException(W3CHttpResponseCodec.java:187)
at org.openqa.selenium.remote.http.W3CHttpResponseCodec.decode(W3CHttpResponseCodec.java:122)
at org.openqa.selenium.remote.http.W3CHttpResponseCodec.decode(W3CHttpResponseCodec.java:49)
at org.openqa.selenium.remote.HttpCommandExecutor.execute(HttpCommandExecutor.java:158)
at org.openqa.selenium.remote.service.DriverCommandExecutor.execute(DriverCommandExecutor.java:83)
at org.openqa.selenium.remote.RemoteWebDriver.execute(RemoteWebDriver.java:552)
at org.openqa.selenium.remote.RemoteWebElement.execute(RemoteWebElement.java:285)
at org.openqa.selenium.remote.RemoteWebElement.click(RemoteWebElement.java:84)
at com.benz.utilities.Utils.clickLink(Utils.java:1207)
at com.benz.testCase.SendingMailRediff.SendingEmailRediff(SendingMailRediff.java:291)
at sun.reflect.NativeMethodAccessorImpl.invoke0(Native Method)
at sun.reflect.NativeMethodAccessorImpl.invoke(Unknown Source)
at sun.reflect.DelegatingMethodAccessorImpl.invoke(Unknown Source)
at java.lang.reflect.Method.invoke(Unknown Source)
at org.testng.internal.MethodInvocationHelper.invokeMethod(MethodInvocationHelper.java:133)
at org.testng.internal.TestInvoker.invokeMethod(TestInvoker.java:598)
at org.testng.internal.TestInvoker.invokeTestMethod(TestInvoker.java:173)
at org.testng.internal.MethodRunner.runInSequence(MethodRunner.java:46)
at org.testng.internal.TestInvoker$MethodInvocationAgent.invoke(TestInvoker.java:824)
at org.testng.internal.TestInvoker.invokeTestMethods(TestInvoker.java:146)
at org.testng.internal.TestMethodWorker.invokeTestMethods(TestMethodWorker.java:146)
at org.testng.internal.TestMethodWorker.run(TestMethodWorker.java:128)
at java.util.ArrayList.forEach(Unknown Source)
at org.testng.TestRunner.privateRun(TestRunner.java:794)
at org.testng.TestRunner.run(TestRunner.java:596)
at org.testng.SuiteRunner.runTest(SuiteRunner.java:377)
at org.testng.SuiteRunner.runSequentially(SuiteRunner.java:371)
at org.testng.SuiteRunner.privateRun(SuiteRunner.java:332)
at org.testng.SuiteRunner.run(SuiteRunner.java:276)
at org.testng.SuiteRunnerWorker.runSuite(SuiteRunnerWorker.java:53)
at org.testng.SuiteRunnerWorker.run(SuiteRunnerWorker.java:96)
at org.testng.TestNG.runSuitesSequentially(TestNG.java:1212)
at org.testng.TestNG.runSuitesLocally(TestNG.java:1134)
at org.testng.TestNG.runSuites(TestNG.java:1063)
at org.testng.TestNG.run(TestNG.java:1031)
at org.testng.remote.AbstractRemoteTestNG.run(AbstractRemoteTestNG.java:115)
at org.testng.remote.RemoteTestNG.initAndRun(RemoteTestNG.java:251)
at org.testng.remote.RemoteTestNG.main(RemoteTestNG.java:77)
]]>
            </full-stacktrace>
          </exception> <!-- org.openqa.selenium.WebDriverException -->
          <reporter-output>
          </reporter-output>
        </test-method> <!-- SendingEmailRediff -->
        <test-method status="PASS" signature="tearDown(org.testng.ITestResult)[pri:0, instance:com.benz.testCase.SendingMailRediff@7dcf94f8]" name="tearDown" is-config="true" duration-ms="2842" started-at="2021-07-14T13:47:42 IST" finished-at="2021-07-14T13:47:44 IST">
          <params>
            <param index="0">
              <value>
                <![CDATA[[TestResult name=SendingEmailRediff status=FAILURE method=SendingMailRediff.SendingEmailRediff(java.util.Hashtable)[pri:0, instance:com.benz.testCase.SendingMailRediff@7dcf94f8] output={null}]]]>
              </value>
            </param>
          </params>
          <reporter-output>
          </reporter-output>
        </test-method> <!-- tearDown -->
      </class> <!-- com.benz.testCase.SendingMailRediff -->
    </test> <!-- Send Mail Test Case -->
  </suite> <!-- Redifmil Automation Suite -->
</testng-results>
