<?xml version="1.0" encoding="UTF-8"?>
<!-- Generated by org.testng.reporters.JUnitXMLReporter -->
<testsuite hostname="lenovo-t450" ignored="0" name="Skip Exception Test Case" tests="3" failures="0" timestamp="2021-07-09T15:54:03 IST" time="0.066" errors="0">
  <testcase name="LoginRediffmail" time="0.015" classname="annotations.AnotherSKIPTechniqueTestAnnotation"/>
  <testcase name="SendMail" time="0.002" classname="annotations.AnotherSKIPTechniqueTestAnnotation">
    <skipped/>
  </testcase> <!-- SendMail -->
  <testcase name="Logout" time="0.0" classname="annotations.AnotherSKIPTechniqueTestAnnotation">
    <skipped/>
  </testcase> <!-- Logout -->
</testsuite> <!-- Skip Exception Test Case -->
