<?xml version="1.0" encoding="UTF-8"?>
<!-- Generated by org.testng.reporters.JUnitXMLReporter -->
<testsuite hostname="lenovo-t450" ignored="0" name="Example Test Case" tests="4" failures="0" timestamp="2021-07-09T12:36:34 IST" time="0.072" errors="0">
  <testcase name="methodA" time="0.009" classname="annotations.ExampleTestAnnotation"/>
  <testcase name="methodB" time="0.003" classname="annotations.ExampleTestAnnotation"/>
  <testcase name="methodC" time="0.002" classname="annotations.ExampleTestAnnotation"/>
  <testcase name="methodD" time="0.002" classname="annotations.ExampleTestAnnotation"/>
</testsuite> <!-- Example Test Case -->
