<?xml version="1.0" encoding="UTF-8"?>
<!-- Generated by org.testng.reporters.JUnitXMLReporter -->
<testsuite hostname="lenovo-t450" ignored="0" name="Default test" tests="4" failures="0" timestamp="2021-07-09T12:28:10 IST" time="0.069" errors="0">
  <testcase name="methodA" time="0.012" classname="annotations.ExampleTestAnnotation"/>
  <testcase name="methodB" time="0.001" classname="annotations.ExampleTestAnnotation"/>
  <testcase name="methodC" time="0.004" classname="annotations.ExampleTestAnnotation"/>
  <testcase name="methodD" time="0.002" classname="annotations.ExampleTestAnnotation"/>
</testsuite> <!-- Default test -->
