<?xml version="1.0" encoding="UTF-8"?>
<!-- Generated by org.testng.reporters.JUnitXMLReporter -->
<testsuite hostname="lenovo-t450" ignored="0" name="Default test" tests="3" failures="0" timestamp="2021-07-09T12:57:06 IST" time="0.067" errors="0">
  <testcase name="LoginRediffmail" time="0.01" classname="annotations.ExampleTestAnnotation"/>
  <testcase name="SendMail" time="0.002" classname="annotations.ExampleTestAnnotation"/>
  <testcase name="Logout" time="0.004" classname="annotations.ExampleTestAnnotation"/>
</testsuite> <!-- Default test -->
