<?xml version="1.0" encoding="UTF-8"?>
<testng-results skipped="0" failed="0" ignored="0" total="4" passed="4">
  <reporter-output>
  </reporter-output>
  <suite name="My Suite" duration-ms="72" started-at="2021-07-09T12:36:34 IST" finished-at="2021-07-09T12:36:34 IST">
    <groups>
    </groups>
    <test name="Example Test Case" duration-ms="72" started-at="2021-07-09T12:36:34 IST" finished-at="2021-07-09T12:36:34 IST">
      <class name="annotations.ExampleTestAnnotation">
        <test-method status="PASS" signature="methodA()[pri:0, instance:annotations.ExampleTestAnnotation@1e6d1014]" name="methodA" duration-ms="9" started-at="2021-07-09T12:36:34 IST" finished-at="2021-07-09T12:36:34 IST">
          <reporter-output>
          </reporter-output>
        </test-method> <!-- methodA -->
        <test-method status="PASS" signature="methodB()[pri:0, instance:annotations.ExampleTestAnnotation@1e6d1014]" name="methodB" duration-ms="3" started-at="2021-07-09T12:36:34 IST" finished-at="2021-07-09T12:36:34 IST">
          <reporter-output>
          </reporter-output>
        </test-method> <!-- methodB -->
        <test-method status="PASS" signature="methodC()[pri:0, instance:annotations.ExampleTestAnnotation@1e6d1014]" name="methodC" duration-ms="2" started-at="2021-07-09T12:36:34 IST" finished-at="2021-07-09T12:36:34 IST">
          <reporter-output>
          </reporter-output>
        </test-method> <!-- methodC -->
        <test-method status="PASS" signature="methodD()[pri:0, instance:annotations.ExampleTestAnnotation@1e6d1014]" name="methodD" duration-ms="2" started-at="2021-07-09T12:36:34 IST" finished-at="2021-07-09T12:36:34 IST">
          <reporter-output>
          </reporter-output>
        </test-method> <!-- methodD -->
      </class> <!-- annotations.ExampleTestAnnotation -->
    </test> <!-- Example Test Case -->
  </suite> <!-- My Suite -->
</testng-results>
