<?xml version="1.0" encoding="UTF-8"?>
<!-- Generated by org.testng.reporters.JUnitXMLReporter -->
<testsuite hostname="lenovo-t450" ignored="0" name="Suite2 Test Case" tests="2" failures="1" timestamp="2021-07-09T17:27:45 IST" time="0.018" errors="0">
  <testcase name="test3" time="0.006" classname="Pac2.Example2">
    <failure type="java.lang.AssertionError" message="expected [false] but found [true]">
      <![CDATA[java.lang.AssertionError: expected [false] but found [true]
at Pac2.Example2.test3(Example2.java:12)
at java.util.ArrayList.forEach(Unknown Source)
... Removed 34 stack frames]]>
    </failure>
  </testcase> <!-- test3 -->
  <testcase name="test4" time="0.002" classname="Pac2.Example2"/>
</testsuite> <!-- Suite2 Test Case -->
