<?xml version="1.0" encoding="UTF-8"?>
<!-- Generated by org.testng.reporters.JUnitReportReporter -->
<testsuite skipped="0" hostname="lenovo-t450" name="TestCase.formRediffmail" tests="2" failures="0" timestamp="2021-07-13T11:38:42 IST" time="19.560" errors="0">
  <testcase name="FillingFormRediffmail" time="9.667" classname="TestCase.formRediffmail"/>
  <system-out/>
  <testcase name="FillingFormRediffmail" time="9.893" classname="TestCase.formRediffmail"/>
  <system-out/>
</testsuite> <!-- TestCase.formRediffmail -->
