<?xml version="1.0" encoding="UTF-8"?>
<!-- Generated by org.testng.reporters.JUnitXMLReporter -->
<testsuite hostname="lenovo-t450" ignored="1" name="RegularExpressionTest2" tests="2" failures="0" timestamp="2021-07-09T17:08:02 IST" time="0.01" errors="0">
  <testcase name="testMethod5" time="0.002" classname="Group.Example2"/>
  <testcase name="testMethod7" time="0.001" classname="Group.Example2"/>
  <testcase name="testMethod6" time="0.0" classname="Group.Example2">
    <ignored/>
  </testcase> <!-- testMethod6 -->
</testsuite> <!-- RegularExpressionTest2 -->
