<?xml version="1.0" encoding="UTF-8"?>
<!-- Generated by org.testng.reporters.JUnitXMLReporter -->
<testsuite hostname="lenovo-t450" ignored="2" name="Test Case 1" tests="2" failures="0" timestamp="2021-07-09T17:08:02 IST" time="0.062" errors="0">
  <testcase name="testMethod3" time="0.011" classname="Group.Example1"/>
  <testcase name="testMethod4" time="0.001" classname="Group.Example1"/>
  <testcase name="testMethod1" time="0.0" classname="Group.Example1">
    <ignored/>
  </testcase> <!-- testMethod1 -->
  <testcase name="testMethod2" time="0.0" classname="Group.Example1">
    <ignored/>
  </testcase> <!-- testMethod2 -->
</testsuite> <!-- Test Case 1 -->
