<?xml version="1.0" encoding="UTF-8"?>
<!-- Generated by org.testng.reporters.JUnitXMLReporter -->
<testsuite hostname="lenovo-t450" ignored="0" name="Rediffmail Compose Email Test Case" tests="2" failures="2" timestamp="2021-07-12T15:48:52 IST" time="30.398" errors="0">
  <testcase name="SendingEmailRediff" time="13.083" classname="TestCase.SendingMailRediff">
    <failure type="java.lang.AssertionError" message="Text verification failed for for the text Logout expected [Logou] but found [Logout]">
      <![CDATA[java.lang.AssertionError: Text verification failed for for the text Logout expected [Logou] but found [Logout]
at Utilities.Utils.AssertText(Utils.java:529)
at TestCase.SendingMailRediff.SendingEmailRediff(SendingMailRediff.java:157)
at java.util.ArrayList.forEach(Unknown Source)
... Removed 32 stack frames]]>
    </failure>
  </testcase> <!-- SendingEmailRediff -->
  <testcase name="SendingEmailRediff" time="15.276" classname="TestCase.SendingMailRediff">
    <failure type="java.lang.AssertionError" message="Text verification failed for for the text Logout expected [Logou] but found [Logout]">
      <![CDATA[java.lang.AssertionError: Text verification failed for for the text Logout expected [Logou] but found [Logout]
at Utilities.Utils.AssertText(Utils.java:529)
at TestCase.SendingMailRediff.SendingEmailRediff(SendingMailRediff.java:157)
at java.util.ArrayList.forEach(Unknown Source)
... Removed 32 stack frames]]>
    </failure>
  </testcase> <!-- SendingEmailRediff -->
</testsuite> <!-- Rediffmail Compose Email Test Case -->
