<?xml version="1.0" encoding="UTF-8"?>
<!-- Generated by org.testng.reporters.JUnitReportReporter -->
<testsuite skipped="0" hostname="lenovo-t450" name="annotations.ExampleTestAnnotation" tests="3" failures="0" timestamp="2021-07-09T13:03:09 IST" time="0.011" errors="0">
  <testcase name="LoginRediffmail" time="0.008" classname="annotations.ExampleTestAnnotation"/>
  <system-out/>
  <testcase name="SendMail" time="0.002" classname="annotations.ExampleTestAnnotation"/>
  <system-out/>
  <testcase name="Logout" time="0.001" classname="annotations.ExampleTestAnnotation"/>
  <system-out/>
</testsuite> <!-- annotations.ExampleTestAnnotation -->
